<?xml version="1.0" encoding="UTF-8"?>
<testsuites>
  <testsuite name="fastlane.lanes">
    
    
    
      
      <testcase classname="fastlane.lanes" name="0: default_platform" time="0.000439545">
        
      </testcase>
    
      
      <testcase classname="fastlane.lanes" name="1: appium --platform-name Android --device-name &apos;Android &apos; --app /home/keisha/AndroidStudioProjects/StoryApp/app/build/outputs/apk/debug/app-debug.apk" time="0.886393991">
        
          <failure message="/home/keisha/IdeaProjects/AutomationTest/vendor/bundle/ruby/3.2.0/gems/fastlane-2.225.0/fastlane/lib/fastlane/actions/actions_helper.rb:67:in `execute_action&apos;&#10;/home/keisha/IdeaProjects/AutomationTest/vendor/bundle/ruby/3.2.0/gems/fastlane-2.225.0/fastlane/lib/fastlane/fast_file.rb:224:in `sh&apos;&#10;/home/keisha/IdeaProjects/AutomationTest/vendor/bundle/ruby/3.2.0/gems/fastlane-2.225.0/fastlane/lib/fastlane/fast_file.rb:216:in `sh&apos;&#10;Fastfile:22:in `block (2 levels) in parsing_binding&apos;&#10;/home/keisha/IdeaProjects/AutomationTest/vendor/bundle/ruby/3.2.0/gems/fastlane-2.225.0/fastlane/lib/fastlane/lane.rb:41:in `call&apos;&#10;/home/keisha/IdeaProjects/AutomationTest/vendor/bundle/ruby/3.2.0/gems/fastlane-2.225.0/fastlane/lib/fastlane/runner.rb:49:in `block in execute&apos;&#10;/home/keisha/IdeaProjects/AutomationTest/vendor/bundle/ruby/3.2.0/gems/fastlane-2.225.0/fastlane/lib/fastlane/runner.rb:45:in `chdir&apos;&#10;/home/keisha/IdeaProjects/AutomationTest/vendor/bundle/ruby/3.2.0/gems/fastlane-2.225.0/fastlane/lib/fastlane/runner.rb:45:in `execute&apos;&#10;/home/keisha/IdeaProjects/AutomationTest/vendor/bundle/ruby/3.2.0/gems/fastlane-2.225.0/fastlane/lib/fastlane/lane_manager.rb:46:in `cruise_lane&apos;&#10;/home/keisha/IdeaProjects/AutomationTest/vendor/bundle/ruby/3.2.0/gems/fastlane-2.225.0/fastlane/lib/fastlane/command_line_handler.rb:34:in `handle&apos;&#10;/home/keisha/IdeaProjects/AutomationTest/vendor/bundle/ruby/3.2.0/gems/fastlane-2.225.0/fastlane/lib/fastlane/commands_generator.rb:110:in `block (2 levels) in run&apos;&#10;/home/keisha/IdeaProjects/AutomationTest/vendor/bundle/ruby/3.2.0/gems/commander-4.6.0/lib/commander/command.rb:187:in `call&apos;&#10;/home/keisha/IdeaProjects/AutomationTest/vendor/bundle/ruby/3.2.0/gems/commander-4.6.0/lib/commander/command.rb:157:in `run&apos;&#10;/home/keisha/IdeaProjects/AutomationTest/vendor/bundle/ruby/3.2.0/gems/commander-4.6.0/lib/commander/runner.rb:444:in `run_active_command&apos;&#10;/home/keisha/IdeaProjects/AutomationTest/vendor/bundle/ruby/3.2.0/gems/fastlane-2.225.0/fastlane_core/lib/fastlane_core/ui/fastlane_runner.rb:124:in `run!&apos;&#10;/home/keisha/IdeaProjects/AutomationTest/vendor/bundle/ruby/3.2.0/gems/commander-4.6.0/lib/commander/delegates.rb:18:in `run!&apos;&#10;/home/keisha/IdeaProjects/AutomationTest/vendor/bundle/ruby/3.2.0/gems/fastlane-2.225.0/fastlane/lib/fastlane/commands_generator.rb:363:in `run&apos;&#10;/home/keisha/IdeaProjects/AutomationTest/vendor/bundle/ruby/3.2.0/gems/fastlane-2.225.0/fastlane/lib/fastlane/commands_generator.rb:43:in `start&apos;&#10;/home/keisha/IdeaProjects/AutomationTest/vendor/bundle/ruby/3.2.0/gems/fastlane-2.225.0/fastlane/lib/fastlane/cli_tools_distributor.rb:123:in `take_off&apos;&#10;/home/keisha/IdeaProjects/AutomationTest/vendor/bundle/ruby/3.2.0/gems/fastlane-2.225.0/bin/fastlane:23:in `&lt;top (required)&gt;&apos;&#10;/home/keisha/IdeaProjects/AutomationTest/vendor/bundle/ruby/3.2.0/bin/fastlane:25:in `load&apos;&#10;/home/keisha/IdeaProjects/AutomationTest/vendor/bundle/ruby/3.2.0/bin/fastlane:25:in `&lt;main&gt;&apos;&#10;&#10;Exit status of command &apos;appium --platform-name Android --device-name &apos;Android &apos; --app /home/keisha/AndroidStudioProjects/StoryApp/app/build/outputs/apk/debug/app-debug.apk&apos; was 1 instead of 0.&#10;&#10;[ERROR] Unrecognized arguments: --platform-name Android --device-name Android  --app /home/keisha/AndroidStudioProjects/StoryApp/app/build/outputs/apk/debug/app-debug.apk&#10;" />
        
      </testcase>
    
  </testsuite>
</testsuites>
